{"/Users/productshiv/Documents/Personal/NeuLib/src/index.ts": {"path":"/Users/productshiv/Documents/Personal/NeuLib/src/index.ts","statementMap":{},"fnMap":{},"branchMap":{},"s":{},"f":{},"b":{}}
,"/Users/productshiv/Documents/Personal/NeuLib/src/components/buttons/Button.tsx": {"path":"/Users/productshiv/Documents/Personal/NeuLib/src/components/buttons/Button.tsx","statementMap":{"0":{"start":{"line":6,"column":45},"end":{"line":76,"column":1}},"1":{"start":{"line":19,"column":16},"end":{"line":19,"column":26}},"2":{"start":{"line":20,"column":23},"end":{"line":20,"column":46}},"3":{"start":{"line":22,"column":25},"end":{"line":33,"column":3}},"4":{"start":{"line":23,"column":22},"end":{"line":30,"column":5}},"5":{"start":{"line":32,"column":4},"end":{"line":32,"column":21}},"6":{"start":{"line":35,"column":23},"end":{"line":42,"column":3}},"7":{"start":{"line":36,"column":4},"end":{"line":41,"column":6}},"8":{"start":{"line":44,"column":24},"end":{"line":61,"column":3}},"9":{"start":{"line":45,"column":4},"end":{"line":52,"column":5}},"10":{"start":{"line":46,"column":6},"end":{"line":51,"column":8}},"11":{"start":{"line":54,"column":4},"end":{"line":60,"column":6}},"12":{"start":{"line":63,"column":2},"end":{"line":75,"column":4}},"13":{"start":{"line":65,"column":30},"end":{"line":68,"column":7}},"14":{"start":{"line":78,"column":15},"end":{"line":91,"column":2}}},"fnMap":{"0":{"name":"(anonymous_0)","decl":{"start":{"line":6,"column":45},"end":{"line":6,"column":46}},"loc":{"start":{"line":18,"column":6},"end":{"line":76,"column":1}},"line":18},"1":{"name":"(anonymous_1)","decl":{"start":{"line":22,"column":25},"end":{"line":22,"column":26}},"loc":{"start":{"line":22,"column":31},"end":{"line":33,"column":3}},"line":22},"2":{"name":"(anonymous_2)","decl":{"start":{"line":35,"column":23},"end":{"line":35,"column":24}},"loc":{"start":{"line":35,"column":29},"end":{"line":42,"column":3}},"line":35},"3":{"name":"(anonymous_3)","decl":{"start":{"line":44,"column":24},"end":{"line":44,"column":25}},"loc":{"start":{"line":44,"column":30},"end":{"line":61,"column":3}},"line":44},"4":{"name":"(anonymous_4)","decl":{"start":{"line":65,"column":13},"end":{"line":65,"column":14}},"loc":{"start":{"line":65,"column":30},"end":{"line":68,"column":7}},"line":65}},"branchMap":{"0":{"loc":{"start":{"line":8,"column":2},"end":{"line":8,"column":21}},"type":"default-arg","locations":[{"start":{"line":8,"column":12},"end":{"line":8,"column":21}}],"line":8},"1":{"loc":{"start":{"line":9,"column":2},"end":{"line":9,"column":17}},"type":"default-arg","locations":[{"start":{"line":9,"column":9},"end":{"line":9,"column":17}}],"line":9},"2":{"loc":{"start":{"line":10,"column":2},"end":{"line":10,"column":19}},"type":"default-arg","locations":[{"start":{"line":10,"column":14},"end":{"line":10,"column":19}}],"line":10},"3":{"loc":{"start":{"line":11,"column":2},"end":{"line":11,"column":17}},"type":"default-arg","locations":[{"start":{"line":11,"column":12},"end":{"line":11,"column":17}}],"line":11},"4":{"loc":{"start":{"line":12,"column":2},"end":{"line":12,"column":18}},"type":"default-arg","locations":[{"start":{"line":12,"column":13},"end":{"line":12,"column":18}}],"line":12},"5":{"loc":{"start":{"line":27,"column":6},"end":{"line":27,"column":35}},"type":"binary-expr","locations":[{"start":{"line":27,"column":6},"end":{"line":27,"column":15}},{"start":{"line":27,"column":19},"end":{"line":27,"column":35}}],"line":27},"6":{"loc":{"start":{"line":28,"column":6},"end":{"line":28,"column":59}},"type":"binary-expr","locations":[{"start":{"line":28,"column":7},"end":{"line":28,"column":15}},{"start":{"line":28,"column":19},"end":{"line":28,"column":26}},{"start":{"line":28,"column":31},"end":{"line":28,"column":59}}],"line":28},"7":{"loc":{"start":{"line":40,"column":6},"end":{"line":40,"column":63}},"type":"binary-expr","locations":[{"start":{"line":40,"column":7},"end":{"line":40,"column":15}},{"start":{"line":40,"column":19},"end":{"line":40,"column":26}},{"start":{"line":40,"column":31},"end":{"line":40,"column":63}}],"line":40},"8":{"loc":{"start":{"line":45,"column":4},"end":{"line":52,"column":5}},"type":"if","locations":[{"start":{"line":45,"column":4},"end":{"line":52,"column":5}},{"start":{},"end":{}}],"line":45},"9":{"loc":{"start":{"line":49,"column":16},"end":{"line":49,"column":52}},"type":"cond-expr","locations":[{"start":{"line":49,"column":35},"end":{"line":49,"column":42}},{"start":{"line":49,"column":45},"end":{"line":49,"column":52}}],"line":49},"10":{"loc":{"start":{"line":56,"column":9},"end":{"line":56,"column":36}},"type":"binary-expr","locations":[{"start":{"line":56,"column":9},"end":{"line":56,"column":17}},{"start":{"line":56,"column":21},"end":{"line":56,"column":36}}],"line":56},"11":{"loc":{"start":{"line":58,"column":9},"end":{"line":58,"column":38}},"type":"binary-expr","locations":[{"start":{"line":58,"column":9},"end":{"line":58,"column":18}},{"start":{"line":58,"column":22},"end":{"line":58,"column":38}}],"line":58},"12":{"loc":{"start":{"line":67,"column":8},"end":{"line":67,"column":59}},"type":"binary-expr","locations":[{"start":{"line":67,"column":8},"end":{"line":67,"column":15}},{"start":{"line":67,"column":19},"end":{"line":67,"column":28}},{"start":{"line":67,"column":32},"end":{"line":67,"column":59}}],"line":67},"13":{"loc":{"start":{"line":70,"column":16},"end":{"line":70,"column":35}},"type":"binary-expr","locations":[{"start":{"line":70,"column":16},"end":{"line":70,"column":24}},{"start":{"line":70,"column":28},"end":{"line":70,"column":35}}],"line":70}},"s":{"0":0,"1":0,"2":0,"3":0,"4":0,"5":0,"6":0,"7":0,"8":0,"9":0,"10":0,"11":0,"12":0,"13":0,"14":0},"f":{"0":0,"1":0,"2":0,"3":0,"4":0},"b":{"0":[0],"1":[0],"2":[0],"3":[0],"4":[0],"5":[0,0],"6":[0,0,0],"7":[0,0,0],"8":[0,0],"9":[0,0],"10":[0,0],"11":[0,0],"12":[0,0,0],"13":[0,0]}}
,"/Users/productshiv/Documents/Personal/NeuLib/src/components/buttons/types.ts": {"path":"/Users/productshiv/Documents/Personal/NeuLib/src/components/buttons/types.ts","statementMap":{},"fnMap":{},"branchMap":{},"s":{},"f":{},"b":{}}
,"/Users/productshiv/Documents/Personal/NeuLib/src/components/buttons/examples/ButtonExamples.tsx": {"path":"/Users/productshiv/Documents/Personal/NeuLib/src/components/buttons/examples/ButtonExamples.tsx","statementMap":{"0":{"start":{"line":5,"column":20},"end":{"line":5,"column":54}},"1":{"start":{"line":5,"column":26},"end":{"line":5,"column":54}},"2":{"start":{"line":7,"column":40},"end":{"line":100,"column":1}},"3":{"start":{"line":8,"column":32},"end":{"line":8,"column":47}},"4":{"start":{"line":10,"column":29},"end":{"line":13,"column":3}},"5":{"start":{"line":11,"column":4},"end":{"line":11,"column":21}},"6":{"start":{"line":12,"column":4},"end":{"line":12,"column":46}},"7":{"start":{"line":12,"column":21},"end":{"line":12,"column":38}},"8":{"start":{"line":15,"column":2},"end":{"line":99,"column":4}},"9":{"start":{"line":102,"column":15},"end":{"line":117,"column":2}}},"fnMap":{"0":{"name":"(anonymous_0)","decl":{"start":{"line":5,"column":20},"end":{"line":5,"column":21}},"loc":{"start":{"line":5,"column":26},"end":{"line":5,"column":54}},"line":5},"1":{"name":"(anonymous_1)","decl":{"start":{"line":7,"column":40},"end":{"line":7,"column":41}},"loc":{"start":{"line":7,"column":46},"end":{"line":100,"column":1}},"line":7},"2":{"name":"(anonymous_2)","decl":{"start":{"line":10,"column":29},"end":{"line":10,"column":30}},"loc":{"start":{"line":10,"column":35},"end":{"line":13,"column":3}},"line":10},"3":{"name":"(anonymous_3)","decl":{"start":{"line":12,"column":15},"end":{"line":12,"column":16}},"loc":{"start":{"line":12,"column":21},"end":{"line":12,"column":38}},"line":12},"4":{"name":"(anonymous_4)","decl":{"start":{"line":20,"column":17},"end":{"line":20,"column":18}},"loc":{"start":{"line":20,"column":23},"end":{"line":20,"column":25}},"line":20},"5":{"name":"(anonymous_5)","decl":{"start":{"line":26,"column":17},"end":{"line":26,"column":18}},"loc":{"start":{"line":26,"column":23},"end":{"line":26,"column":25}},"line":26},"6":{"name":"(anonymous_6)","decl":{"start":{"line":32,"column":17},"end":{"line":32,"column":18}},"loc":{"start":{"line":32,"column":23},"end":{"line":32,"column":25}},"line":32},"7":{"name":"(anonymous_7)","decl":{"start":{"line":38,"column":17},"end":{"line":38,"column":18}},"loc":{"start":{"line":38,"column":23},"end":{"line":38,"column":25}},"line":38},"8":{"name":"(anonymous_8)","decl":{"start":{"line":46,"column":17},"end":{"line":46,"column":18}},"loc":{"start":{"line":46,"column":23},"end":{"line":46,"column":25}},"line":46},"9":{"name":"(anonymous_9)","decl":{"start":{"line":52,"column":17},"end":{"line":52,"column":18}},"loc":{"start":{"line":52,"column":23},"end":{"line":52,"column":25}},"line":52},"10":{"name":"(anonymous_10)","decl":{"start":{"line":60,"column":17},"end":{"line":60,"column":18}},"loc":{"start":{"line":60,"column":23},"end":{"line":60,"column":25}},"line":60},"11":{"name":"(anonymous_11)","decl":{"start":{"line":74,"column":17},"end":{"line":74,"column":18}},"loc":{"start":{"line":74,"column":23},"end":{"line":74,"column":25}},"line":74},"12":{"name":"(anonymous_12)","decl":{"start":{"line":80,"column":17},"end":{"line":80,"column":18}},"loc":{"start":{"line":80,"column":23},"end":{"line":80,"column":25}},"line":80},"13":{"name":"(anonymous_13)","decl":{"start":{"line":87,"column":17},"end":{"line":87,"column":18}},"loc":{"start":{"line":87,"column":23},"end":{"line":87,"column":25}},"line":87},"14":{"name":"(anonymous_14)","decl":{"start":{"line":95,"column":17},"end":{"line":95,"column":18}},"loc":{"start":{"line":95,"column":23},"end":{"line":95,"column":25}},"line":95}},"branchMap":{"0":{"loc":{"start":{"line":64,"column":15},"end":{"line":64,"column":55}},"type":"cond-expr","locations":[{"start":{"line":64,"column":25},"end":{"line":64,"column":37}},{"start":{"line":64,"column":40},"end":{"line":64,"column":55}}],"line":64}},"s":{"0":0,"1":0,"2":0,"3":0,"4":0,"5":0,"6":0,"7":0,"8":0,"9":0},"f":{"0":0,"1":0,"2":0,"3":0,"4":0,"5":0,"6":0,"7":0,"8":0,"9":0,"10":0,"11":0,"12":0,"13":0,"14":0},"b":{"0":[0,0]}}
,"/Users/productshiv/Documents/Personal/NeuLib/src/core/theme/ThemeProvider.tsx": {"path":"/Users/productshiv/Documents/Personal/NeuLib/src/core/theme/ThemeProvider.tsx","statementMap":{"0":{"start":{"line":5,"column":21},"end":{"line":8,"column":2}},"1":{"start":{"line":10,"column":24},"end":{"line":16,"column":1}},"2":{"start":{"line":11,"column":18},"end":{"line":11,"column":42}},"3":{"start":{"line":12,"column":2},"end":{"line":14,"column":3}},"4":{"start":{"line":13,"column":4},"end":{"line":13,"column":68}},"5":{"start":{"line":15,"column":2},"end":{"line":15,"column":23}},"6":{"start":{"line":18,"column":70},"end":{"line":26,"column":1}},"7":{"start":{"line":19,"column":28},"end":{"line":19,"column":57}},"8":{"start":{"line":21,"column":2},"end":{"line":25,"column":4}}},"fnMap":{"0":{"name":"(anonymous_0)","decl":{"start":{"line":7,"column":12},"end":{"line":7,"column":13}},"loc":{"start":{"line":7,"column":18},"end":{"line":7,"column":20}},"line":7},"1":{"name":"(anonymous_1)","decl":{"start":{"line":10,"column":24},"end":{"line":10,"column":25}},"loc":{"start":{"line":10,"column":30},"end":{"line":16,"column":1}},"line":10},"2":{"name":"(anonymous_2)","decl":{"start":{"line":18,"column":70},"end":{"line":18,"column":71}},"loc":{"start":{"line":18,"column":88},"end":{"line":26,"column":1}},"line":18}},"branchMap":{"0":{"loc":{"start":{"line":12,"column":2},"end":{"line":14,"column":3}},"type":"if","locations":[{"start":{"line":12,"column":2},"end":{"line":14,"column":3}},{"start":{},"end":{}}],"line":12}},"s":{"0":0,"1":0,"2":0,"3":0,"4":0,"5":0,"6":0,"7":0,"8":0},"f":{"0":0,"1":0,"2":0},"b":{"0":[0,0]}}
,"/Users/productshiv/Documents/Personal/NeuLib/src/core/theme/defaultTheme.ts": {"path":"/Users/productshiv/Documents/Personal/NeuLib/src/core/theme/defaultTheme.ts","statementMap":{"0":{"start":{"line":3,"column":35},"end":{"line":107,"column":1}}},"fnMap":{},"branchMap":{},"s":{"0":0},"f":{},"b":{}}
,"/Users/productshiv/Documents/Personal/NeuLib/src/core/theme/types.ts": {"path":"/Users/productshiv/Documents/Personal/NeuLib/src/core/theme/types.ts","statementMap":{},"fnMap":{},"branchMap":{},"s":{},"f":{},"b":{}}
,"/Users/productshiv/Documents/Personal/NeuLib/src/core/utils/platform.ts": {"path":"/Users/productshiv/Documents/Personal/NeuLib/src/core/utils/platform.ts","statementMap":{"0":{"start":{"line":3,"column":29},"end":{"line":3,"column":50}},"1":{"start":{"line":4,"column":29},"end":{"line":4,"column":50}},"2":{"start":{"line":5,"column":33},"end":{"line":5,"column":58}},"3":{"start":{"line":6,"column":32},"end":{"line":6,"column":66}},"4":{"start":{"line":8,"column":30},"end":{"line":18,"column":1}},"5":{"start":{"line":14,"column":2},"end":{"line":14,"column":67}},"6":{"start":{"line":14,"column":49},"end":{"line":14,"column":67}},"7":{"start":{"line":15,"column":2},"end":{"line":15,"column":67}},"8":{"start":{"line":15,"column":49},"end":{"line":15,"column":67}},"9":{"start":{"line":16,"column":2},"end":{"line":16,"column":79}},"10":{"start":{"line":16,"column":57},"end":{"line":16,"column":79}},"11":{"start":{"line":17,"column":2},"end":{"line":17,"column":24}},"12":{"start":{"line":20,"column":37},"end":{"line":22,"column":1}},"13":{"start":{"line":21,"column":2},"end":{"line":21,"column":62}}},"fnMap":{"0":{"name":"(anonymous_0)","decl":{"start":{"line":8,"column":30},"end":{"line":8,"column":31}},"loc":{"start":{"line":13,"column":9},"end":{"line":18,"column":1}},"line":13},"1":{"name":"(anonymous_1)","decl":{"start":{"line":20,"column":37},"end":{"line":20,"column":38}},"loc":{"start":{"line":20,"column":69},"end":{"line":22,"column":1}},"line":20}},"branchMap":{"0":{"loc":{"start":{"line":6,"column":32},"end":{"line":6,"column":66}},"type":"binary-expr","locations":[{"start":{"line":6,"column":32},"end":{"line":6,"column":45}},{"start":{"line":6,"column":49},"end":{"line":6,"column":66}}],"line":6},"1":{"loc":{"start":{"line":14,"column":2},"end":{"line":14,"column":67}},"type":"if","locations":[{"start":{"line":14,"column":2},"end":{"line":14,"column":67}},{"start":{},"end":{}}],"line":14},"2":{"loc":{"start":{"line":14,"column":6},"end":{"line":14,"column":47}},"type":"binary-expr","locations":[{"start":{"line":14,"column":6},"end":{"line":14,"column":19}},{"start":{"line":14,"column":23},"end":{"line":14,"column":47}}],"line":14},"3":{"loc":{"start":{"line":15,"column":2},"end":{"line":15,"column":67}},"type":"if","locations":[{"start":{"line":15,"column":2},"end":{"line":15,"column":67}},{"start":{},"end":{}}],"line":15},"4":{"loc":{"start":{"line":15,"column":6},"end":{"line":15,"column":47}},"type":"binary-expr","locations":[{"start":{"line":15,"column":6},"end":{"line":15,"column":19}},{"start":{"line":15,"column":23},"end":{"line":15,"column":47}}],"line":15},"5":{"loc":{"start":{"line":16,"column":2},"end":{"line":16,"column":79}},"type":"if","locations":[{"start":{"line":16,"column":2},"end":{"line":16,"column":79}},{"start":{},"end":{}}],"line":16},"6":{"loc":{"start":{"line":16,"column":6},"end":{"line":16,"column":55}},"type":"binary-expr","locations":[{"start":{"line":16,"column":6},"end":{"line":16,"column":23}},{"start":{"line":16,"column":27},"end":{"line":16,"column":55}}],"line":16},"7":{"loc":{"start":{"line":21,"column":9},"end":{"line":21,"column":61}},"type":"cond-expr","locations":[{"start":{"line":21,"column":29},"end":{"line":21,"column":48}},{"start":{"line":21,"column":51},"end":{"line":21,"column":61}}],"line":21}},"s":{"0":0,"1":0,"2":0,"3":0,"4":0,"5":0,"6":0,"7":0,"8":0,"9":0,"10":0,"11":0,"12":0,"13":0},"f":{"0":0,"1":0},"b":{"0":[0,0],"1":[0,0],"2":[0,0],"3":[0,0],"4":[0,0],"5":[0,0],"6":[0,0],"7":[0,0]}}
,"/Users/productshiv/Documents/Personal/NeuLib/src/core/utils/responsive.ts": {"path":"/Users/productshiv/Documents/Personal/NeuLib/src/core/utils/responsive.ts","statementMap":{"0":{"start":{"line":5,"column":21},"end":{"line":5,"column":42}},"1":{"start":{"line":7,"column":35},"end":{"line":9,"column":1}},"2":{"start":{"line":8,"column":2},"end":{"line":8,"column":34}},"3":{"start":{"line":11,"column":35},"end":{"line":29,"column":1}},"4":{"start":{"line":12,"column":38},"end":{"line":12,"column":69}},"5":{"start":{"line":14,"column":2},"end":{"line":26,"column":9}},"6":{"start":{"line":15,"column":21},"end":{"line":17,"column":5}},"7":{"start":{"line":16,"column":6},"end":{"line":16,"column":28}},"8":{"start":{"line":19,"column":25},"end":{"line":19,"column":72}},"9":{"start":{"line":21,"column":4},"end":{"line":25,"column":6}},"10":{"start":{"line":22,"column":6},"end":{"line":24,"column":7}},"11":{"start":{"line":23,"column":8},"end":{"line":23,"column":30}},"12":{"start":{"line":28,"column":2},"end":{"line":28,"column":20}},"13":{"start":{"line":31,"column":38},"end":{"line":40,"column":1}},"14":{"start":{"line":35,"column":2},"end":{"line":35,"column":43}},"15":{"start":{"line":35,"column":31},"end":{"line":35,"column":43}},"16":{"start":{"line":36,"column":2},"end":{"line":36,"column":43}},"17":{"start":{"line":36,"column":31},"end":{"line":36,"column":43}},"18":{"start":{"line":37,"column":2},"end":{"line":37,"column":43}},"19":{"start":{"line":37,"column":31},"end":{"line":37,"column":43}},"20":{"start":{"line":38,"column":2},"end":{"line":38,"column":43}},"21":{"start":{"line":38,"column":31},"end":{"line":38,"column":43}},"22":{"start":{"line":39,"column":2},"end":{"line":39,"column":14}},"23":{"start":{"line":42,"column":29},"end":{"line":45,"column":1}},"24":{"start":{"line":43,"column":21},"end":{"line":43,"column":42}},"25":{"start":{"line":44,"column":2},"end":{"line":44,"column":63}},"26":{"start":{"line":53,"column":34},"end":{"line":68,"column":1}},"27":{"start":{"line":57,"column":49},"end":{"line":57,"column":79}},"28":{"start":{"line":58,"column":26},"end":{"line":58,"column":68}},"29":{"start":{"line":60,"column":2},"end":{"line":65,"column":3}},"30":{"start":{"line":60,"column":15},"end":{"line":60,"column":30}},"31":{"start":{"line":61,"column":23},"end":{"line":61,"column":41}},"32":{"start":{"line":62,"column":4},"end":{"line":64,"column":5}},"33":{"start":{"line":63,"column":6},"end":{"line":63,"column":46}},"34":{"start":{"line":67,"column":2},"end":{"line":67,"column":30}}},"fnMap":{"0":{"name":"(anonymous_0)","decl":{"start":{"line":7,"column":35},"end":{"line":7,"column":36}},"loc":{"start":{"line":7,"column":53},"end":{"line":9,"column":1}},"line":7},"1":{"name":"(anonymous_1)","decl":{"start":{"line":11,"column":35},"end":{"line":11,"column":36}},"loc":{"start":{"line":11,"column":41},"end":{"line":29,"column":1}},"line":11},"2":{"name":"(anonymous_2)","decl":{"start":{"line":14,"column":12},"end":{"line":14,"column":13}},"loc":{"start":{"line":14,"column":18},"end":{"line":26,"column":3}},"line":14},"3":{"name":"(anonymous_3)","decl":{"start":{"line":15,"column":21},"end":{"line":15,"column":22}},"loc":{"start":{"line":15,"column":61},"end":{"line":17,"column":5}},"line":15},"4":{"name":"(anonymous_4)","decl":{"start":{"line":21,"column":11},"end":{"line":21,"column":12}},"loc":{"start":{"line":21,"column":17},"end":{"line":25,"column":5}},"line":21},"5":{"name":"(anonymous_5)","decl":{"start":{"line":31,"column":38},"end":{"line":31,"column":39}},"loc":{"start":{"line":34,"column":24},"end":{"line":40,"column":1}},"line":34},"6":{"name":"(anonymous_6)","decl":{"start":{"line":42,"column":29},"end":{"line":42,"column":30}},"loc":{"start":{"line":42,"column":59},"end":{"line":45,"column":1}},"line":42},"7":{"name":"(anonymous_7)","decl":{"start":{"line":53,"column":34},"end":{"line":53,"column":35}},"loc":{"start":{"line":56,"column":8},"end":{"line":68,"column":1}},"line":56}},"branchMap":{"0":{"loc":{"start":{"line":22,"column":6},"end":{"line":24,"column":7}},"type":"if","locations":[{"start":{"line":22,"column":6},"end":{"line":24,"column":7}},{"start":{},"end":{}}],"line":22},"1":{"loc":{"start":{"line":35,"column":2},"end":{"line":35,"column":43}},"type":"if","locations":[{"start":{"line":35,"column":2},"end":{"line":35,"column":43}},{"start":{},"end":{}}],"line":35},"2":{"loc":{"start":{"line":36,"column":2},"end":{"line":36,"column":43}},"type":"if","locations":[{"start":{"line":36,"column":2},"end":{"line":36,"column":43}},{"start":{},"end":{}}],"line":36},"3":{"loc":{"start":{"line":37,"column":2},"end":{"line":37,"column":43}},"type":"if","locations":[{"start":{"line":37,"column":2},"end":{"line":37,"column":43}},{"start":{},"end":{}}],"line":37},"4":{"loc":{"start":{"line":38,"column":2},"end":{"line":38,"column":43}},"type":"if","locations":[{"start":{"line":38,"column":2},"end":{"line":38,"column":43}},{"start":{},"end":{}}],"line":38},"5":{"loc":{"start":{"line":62,"column":4},"end":{"line":64,"column":5}},"type":"if","locations":[{"start":{"line":62,"column":4},"end":{"line":64,"column":5}},{"start":{},"end":{}}],"line":62}},"s":{"0":0,"1":0,"2":0,"3":0,"4":0,"5":0,"6":0,"7":0,"8":0,"9":0,"10":0,"11":0,"12":0,"13":0,"14":0,"15":0,"16":0,"17":0,"18":0,"19":0,"20":0,"21":0,"22":0,"23":0,"24":0,"25":0,"26":0,"27":0,"28":0,"29":0,"30":0,"31":0,"32":0,"33":0,"34":0},"f":{"0":0,"1":0,"2":0,"3":0,"4":0,"5":0,"6":0,"7":0},"b":{"0":[0,0],"1":[0,0],"2":[0,0],"3":[0,0],"4":[0,0],"5":[0,0]}}
,"/Users/productshiv/Documents/Personal/NeuLib/src/design-systems/theme/ThemeProvider.tsx": {"path":"/Users/productshiv/Documents/Personal/NeuLib/src/design-systems/theme/ThemeProvider.tsx","statementMap":{"0":{"start":{"line":4,"column":35},"end":{"line":40,"column":1}},"1":{"start":{"line":42,"column":28},"end":{"line":42,"column":62}},"2":{"start":{"line":44,"column":24},"end":{"line":50,"column":1}},"3":{"start":{"line":45,"column":16},"end":{"line":45,"column":40}},"4":{"start":{"line":46,"column":2},"end":{"line":48,"column":3}},"5":{"start":{"line":47,"column":4},"end":{"line":47,"column":68}},"6":{"start":{"line":49,"column":2},"end":{"line":49,"column":15}},"7":{"start":{"line":52,"column":59},"end":{"line":82,"column":1}},"8":{"start":{"line":56,"column":29},"end":{"line":75,"column":3}},"9":{"start":{"line":77,"column":2},"end":{"line":81,"column":4}}},"fnMap":{"0":{"name":"(anonymous_0)","decl":{"start":{"line":44,"column":24},"end":{"line":44,"column":25}},"loc":{"start":{"line":44,"column":30},"end":{"line":50,"column":1}},"line":44},"1":{"name":"(anonymous_1)","decl":{"start":{"line":52,"column":59},"end":{"line":52,"column":60}},"loc":{"start":{"line":55,"column":6},"end":{"line":82,"column":1}},"line":55}},"branchMap":{"0":{"loc":{"start":{"line":46,"column":2},"end":{"line":48,"column":3}},"type":"if","locations":[{"start":{"line":46,"column":2},"end":{"line":48,"column":3}},{"start":{},"end":{}}],"line":46},"1":{"loc":{"start":{"line":53,"column":2},"end":{"line":53,"column":12}},"type":"default-arg","locations":[{"start":{"line":53,"column":10},"end":{"line":53,"column":12}}],"line":53},"2":{"loc":{"start":{"line":61,"column":10},"end":{"line":61,"column":28}},"type":"binary-expr","locations":[{"start":{"line":61,"column":10},"end":{"line":61,"column":22}},{"start":{"line":61,"column":26},"end":{"line":61,"column":28}}],"line":61},"3":{"loc":{"start":{"line":65,"column":10},"end":{"line":65,"column":29}},"type":"binary-expr","locations":[{"start":{"line":65,"column":10},"end":{"line":65,"column":23}},{"start":{"line":65,"column":27},"end":{"line":65,"column":29}}],"line":65},"4":{"loc":{"start":{"line":69,"column":10},"end":{"line":69,"column":31}},"type":"binary-expr","locations":[{"start":{"line":69,"column":10},"end":{"line":69,"column":25}},{"start":{"line":69,"column":29},"end":{"line":69,"column":31}}],"line":69},"5":{"loc":{"start":{"line":73,"column":10},"end":{"line":73,"column":27}},"type":"binary-expr","locations":[{"start":{"line":73,"column":10},"end":{"line":73,"column":21}},{"start":{"line":73,"column":25},"end":{"line":73,"column":27}}],"line":73}},"s":{"0":0,"1":0,"2":0,"3":0,"4":0,"5":0,"6":0,"7":0,"8":0,"9":0},"f":{"0":0,"1":0},"b":{"0":[0,0],"1":[0],"2":[0,0],"3":[0,0],"4":[0,0],"5":[0,0]}}
,"/Users/productshiv/Documents/Personal/NeuLib/src/design-systems/theme/types.ts": {"path":"/Users/productshiv/Documents/Personal/NeuLib/src/design-systems/theme/types.ts","statementMap":{},"fnMap":{},"branchMap":{},"s":{},"f":{},"b":{}}
,"/Users/productshiv/Documents/Personal/NeuLib/src/screens/ButtonShowcase.tsx": {"path":"/Users/productshiv/Documents/Personal/NeuLib/src/screens/ButtonShowcase.tsx","statementMap":{"0":{"start":{"line":7,"column":39},"end":{"line":103,"column":1}},"1":{"start":{"line":8,"column":2},"end":{"line":102,"column":4}},"2":{"start":{"line":14,"column":27},"end":{"line":14,"column":58}},"3":{"start":{"line":20,"column":27},"end":{"line":20,"column":60}},"4":{"start":{"line":26,"column":27},"end":{"line":26,"column":58}},"5":{"start":{"line":32,"column":27},"end":{"line":32,"column":56}},"6":{"start":{"line":105,"column":15},"end":{"line":134,"column":2}}},"fnMap":{"0":{"name":"(anonymous_0)","decl":{"start":{"line":7,"column":39},"end":{"line":7,"column":40}},"loc":{"start":{"line":7,"column":45},"end":{"line":103,"column":1}},"line":7},"1":{"name":"(anonymous_1)","decl":{"start":{"line":14,"column":21},"end":{"line":14,"column":22}},"loc":{"start":{"line":14,"column":27},"end":{"line":14,"column":58}},"line":14},"2":{"name":"(anonymous_2)","decl":{"start":{"line":20,"column":21},"end":{"line":20,"column":22}},"loc":{"start":{"line":20,"column":27},"end":{"line":20,"column":60}},"line":20},"3":{"name":"(anonymous_3)","decl":{"start":{"line":26,"column":21},"end":{"line":26,"column":22}},"loc":{"start":{"line":26,"column":27},"end":{"line":26,"column":58}},"line":26},"4":{"name":"(anonymous_4)","decl":{"start":{"line":32,"column":21},"end":{"line":32,"column":22}},"loc":{"start":{"line":32,"column":27},"end":{"line":32,"column":56}},"line":32},"5":{"name":"(anonymous_5)","decl":{"start":{"line":41,"column":21},"end":{"line":41,"column":22}},"loc":{"start":{"line":41,"column":27},"end":{"line":41,"column":29}},"line":41},"6":{"name":"(anonymous_6)","decl":{"start":{"line":47,"column":21},"end":{"line":47,"column":22}},"loc":{"start":{"line":47,"column":27},"end":{"line":47,"column":29}},"line":47},"7":{"name":"(anonymous_7)","decl":{"start":{"line":53,"column":21},"end":{"line":53,"column":22}},"loc":{"start":{"line":53,"column":27},"end":{"line":53,"column":29}},"line":53},"8":{"name":"(anonymous_8)","decl":{"start":{"line":62,"column":21},"end":{"line":62,"column":22}},"loc":{"start":{"line":62,"column":27},"end":{"line":62,"column":29}},"line":62},"9":{"name":"(anonymous_9)","decl":{"start":{"line":68,"column":21},"end":{"line":68,"column":22}},"loc":{"start":{"line":68,"column":27},"end":{"line":68,"column":29}},"line":68},"10":{"name":"(anonymous_10)","decl":{"start":{"line":75,"column":21},"end":{"line":75,"column":22}},"loc":{"start":{"line":75,"column":27},"end":{"line":75,"column":29}},"line":75},"11":{"name":"(anonymous_11)","decl":{"start":{"line":84,"column":21},"end":{"line":84,"column":22}},"loc":{"start":{"line":84,"column":27},"end":{"line":84,"column":29}},"line":84},"12":{"name":"(anonymous_12)","decl":{"start":{"line":90,"column":21},"end":{"line":90,"column":22}},"loc":{"start":{"line":90,"column":27},"end":{"line":90,"column":29}},"line":90},"13":{"name":"(anonymous_13)","decl":{"start":{"line":96,"column":21},"end":{"line":96,"column":22}},"loc":{"start":{"line":96,"column":27},"end":{"line":96,"column":29}},"line":96}},"branchMap":{},"s":{"0":0,"1":0,"2":0,"3":0,"4":0,"5":0,"6":0},"f":{"0":0,"1":0,"2":0,"3":0,"4":0,"5":0,"6":0,"7":0,"8":0,"9":0,"10":0,"11":0,"12":0,"13":0},"b":{}}
}
